<?xml version="1.0" encoding="UTF-8"?>
<testng-results ignored="0" total="6" passed="6" failed="0" skipped="0">
  <reporter-output>
  </reporter-output>
  <suite started-at="2024-05-10T07:42:55 IST" name="Default suite" finished-at="2024-05-10T07:43:39 IST" duration-ms="44543">
    <groups>
    </groups>
    <test started-at="2024-05-10T07:42:55 IST" name="Default test" finished-at="2024-05-10T07:43:39 IST" duration-ms="44543">
      <class name="ResolutionBrowserTesting.link2allbrowsers">
        <test-method signature="ChromeDriver()[pri:1, instance:ResolutionBrowserTesting.link2allbrowsers@436813f3]" started-at="2024-05-10T07:42:55 IST" name="ChromeDriver" finished-at="2024-05-10T07:43:05 IST" duration-ms="9752" status="PASS">
          <reporter-output>
          </reporter-output>
        </test-method> <!-- ChromeDriver -->
        <test-method signature="EdgeTest()[pri:2, instance:ResolutionBrowserTesting.link2allbrowsers@436813f3]" started-at="2024-05-10T07:43:05 IST" name="EdgeTest" finished-at="2024-05-10T07:43:14 IST" duration-ms="8944" status="PASS">
          <reporter-output>
          </reporter-output>
        </test-method> <!-- EdgeTest -->
        <test-method signature="ChromeDriver2()[pri:4, instance:ResolutionBrowserTesting.link2allbrowsers@436813f3]" started-at="2024-05-10T07:43:14 IST" name="ChromeDriver2" finished-at="2024-05-10T07:43:19 IST" duration-ms="5083" status="PASS">
          <reporter-output>
          </reporter-output>
        </test-method> <!-- ChromeDriver2 -->
        <test-method signature="EdgeTest2()[pri:5, instance:ResolutionBrowserTesting.link2allbrowsers@436813f3]" started-at="2024-05-10T07:43:19 IST" name="EdgeTest2" finished-at="2024-05-10T07:43:26 IST" duration-ms="7738" status="PASS">
          <reporter-output>
          </reporter-output>
        </test-method> <!-- EdgeTest2 -->
        <test-method signature="ChromeDriver3()[pri:6, instance:ResolutionBrowserTesting.link2allbrowsers@436813f3]" started-at="2024-05-10T07:43:26 IST" name="ChromeDriver3" finished-at="2024-05-10T07:43:32 IST" duration-ms="5408" status="PASS">
          <reporter-output>
          </reporter-output>
        </test-method> <!-- ChromeDriver3 -->
        <test-method signature="EdgeTest3()[pri:7, instance:ResolutionBrowserTesting.link2allbrowsers@436813f3]" started-at="2024-05-10T07:43:32 IST" name="EdgeTest3" finished-at="2024-05-10T07:43:39 IST" duration-ms="7562" status="PASS">
          <reporter-output>
          </reporter-output>
        </test-method> <!-- EdgeTest3 -->
      </class> <!-- ResolutionBrowserTesting.link2allbrowsers -->
    </test> <!-- Default test -->
  </suite> <!-- Default suite -->
</testng-results>
