<?xml version="1.0" encoding="UTF-8"?>
<testng-results ignored="0" total="1" passed="1" failed="0" skipped="0">
  <reporter-output>
  </reporter-output>
  <suite started-at="2024-05-09T19:46:02 IST" name="Default suite" finished-at="2024-05-09T19:46:09 IST" duration-ms="7319">
    <groups>
    </groups>
    <test started-at="2024-05-09T19:46:02 IST" name="Default test" finished-at="2024-05-09T19:46:09 IST" duration-ms="7319">
      <class name="ResolutionBrowserTesting.Link1allBrowser">
        <test-method signature="EdgeTest()[pri:2, instance:ResolutionBrowserTesting.Link1allBrowser@49ec71f8]" started-at="2024-05-09T19:46:02 IST" name="EdgeTest" finished-at="2024-05-09T19:46:09 IST" duration-ms="7282" status="PASS">
          <reporter-output>
          </reporter-output>
        </test-method> <!-- EdgeTest -->
      </class> <!-- ResolutionBrowserTesting.Link1allBrowser -->
    </test> <!-- Default test -->
  </suite> <!-- Default suite -->
</testng-results>
